Removed Pin From Net: NetName=GND Pin=D0-2
Removed Pin From Net: NetName=GND Pin=D7-2
Removed Pin From Net: NetName=GND Pin=D8-2
Removed Pin From Net: NetName=GND Pin=D9-2
Removed Pin From Net: NetName=GND Pin=D10-2
Removed Pin From Net: NetName=GND Pin=D11-2
Removed Pin From Net: NetName=GND Pin=D12-2
Removed Pin From Net: NetName=GND Pin=D13-2
Removed Pin From Net: NetName=GND Pin=D14-2
Removed Pin From Net: NetName=GND Pin=D15-2
Removed Pin From Net: NetName=GND Pin=D16-2
Removed Pin From Net: NetName=GND Pin=D17-2
Removed Pin From Net: NetName=GND Pin=D18-2
Removed Pin From Net: NetName=5V Pin=JP1-1
Removed Pin From Net: NetName=SDA Pin=JP1-10
Removed Pin From Net: NetName=SCL Pin=JP1-12
Removed Pin From Net: NetName=5V Pin=R0-2
Removed Member From Class: ClassName=OLED Member=D0
Removed Member From Class: ClassName=OLED Member=D7
Removed Member From Class: ClassName=OLED Member=D8
Removed Member From Class: ClassName=OLED Member=D9
Removed Member From Class: ClassName=OLED Member=D10
Removed Member From Class: ClassName=OLED Member=D11
Removed Member From Class: ClassName=OLED Member=D12
Removed Member From Class: ClassName=OLED Member=D13
Removed Member From Class: ClassName=OLED Member=D14
Removed Member From Class: ClassName=OLED Member=D15
Removed Member From Class: ClassName=OLED Member=D16
Removed Member From Class: ClassName=OLED Member=D17
Removed Member From Class: ClassName=OLED Member=D18
Removed Member From Class: ClassName=OLED Member=R0
Change Component Footprint: Designator=R1 Old Footprint=1608[0603] New Footprint=R 0603_L
Change Component Footprint: Designator=R2 Old Footprint=1608[0603] New Footprint=R 0603_L
Change Component Designator: OldDesignator= NewDesignator=Mark1
Change Component Designator: OldDesignator= NewDesignator=Mark2
Change component parameters: Designator = "R1" ("R1"); Footprint = "1608[0603]"; UniqueID = "\WYQHOCFI" ("\WYQHOCFI")
Change component parameters (AddParameter): Name = "BOM名称"; Value = "贴片电阻"; VariantName = "[No Variations]"
Change component parameters (AddParameter): Name = "封装库来自淘宝卖家 ID：黄晶宝石"; Value = "其他店铺购入均为盗版，不享受售后技术支持服务，请立即申请退款"; VariantName = "[No Variations]"
Change component parameters (AddParameter): Name = "版权归属"; Value = "来自淘宝 ID：黄晶宝石"; VariantName = "[No Variations]"
Change component parameters (AddParameter): Name = "联系售后"; Value = "https://shop463601444.taobao.com"; VariantName = "[No Variations]"
Change component parameters: Designator = "R2" ("R2"); Footprint = "1608[0603]"; UniqueID = "\CIEKIKCM" ("\CIEKIKCM")
Change component parameters (AddParameter): Name = "BOM名称"; Value = "贴片电阻"; VariantName = "[No Variations]"
Change component parameters (AddParameter): Name = "封装库来自淘宝卖家 ID：黄晶宝石"; Value = "其他店铺购入均为盗版，不享受售后技术支持服务，请立即申请退款"; VariantName = "[No Variations]"
Change component parameters (AddParameter): Name = "版权归属"; Value = "来自淘宝 ID：黄晶宝石"; VariantName = "[No Variations]"
Change component parameters (AddParameter): Name = "联系售后"; Value = "https://shop463601444.taobao.com"; VariantName = "[No Variations]"
Added Component: Designator=LED1(LED 0603R)
Add component (AddParameter): Name = "BOM名称"; Value = "贴片LED"; VariantName = "[No Variations]"
Add component (AddParameter): Name = "学习资源"; Value = "https://shop463601444.taobao.com"; VariantName = "[No Variations]"
Add component (AddParameter): Name = "版权归属"; Value = "封装库来自淘宝 ID：黄晶宝石"; VariantName = "[No Variations]"
Added Component: Designator=LED2(LED 0603R)
Add component (AddParameter): Name = "BOM名称"; Value = "贴片LED"; VariantName = "[No Variations]"
Add component (AddParameter): Name = "学习资源"; Value = "https://shop463601444.taobao.com"; VariantName = "[No Variations]"
Add component (AddParameter): Name = "版权归属"; Value = "封装库来自淘宝 ID：黄晶宝石"; VariantName = "[No Variations]"
Added Component: Designator=LED3(LED 0603R)
Add component (AddParameter): Name = "BOM名称"; Value = "贴片LED"; VariantName = "[No Variations]"
Add component (AddParameter): Name = "学习资源"; Value = "https://shop463601444.taobao.com"; VariantName = "[No Variations]"
Add component (AddParameter): Name = "版权归属"; Value = "封装库来自淘宝 ID：黄晶宝石"; VariantName = "[No Variations]"
Added Component: Designator=LED4(LED 0603R)
Add component (AddParameter): Name = "BOM名称"; Value = "贴片LED"; VariantName = "[No Variations]"
Add component (AddParameter): Name = "学习资源"; Value = "https://shop463601444.taobao.com"; VariantName = "[No Variations]"
Add component (AddParameter): Name = "版权归属"; Value = "封装库来自淘宝 ID：黄晶宝石"; VariantName = "[No Variations]"
Added Component: Designator=LED5(LED 0603R)
Add component (AddParameter): Name = "BOM名称"; Value = "贴片LED"; VariantName = "[No Variations]"
Add component (AddParameter): Name = "学习资源"; Value = "https://shop463601444.taobao.com"; VariantName = "[No Variations]"
Add component (AddParameter): Name = "版权归属"; Value = "封装库来自淘宝 ID：黄晶宝石"; VariantName = "[No Variations]"
Added Component: Designator=LED6(LED 0603R)
Add component (AddParameter): Name = "BOM名称"; Value = "贴片LED"; VariantName = "[No Variations]"
Add component (AddParameter): Name = "学习资源"; Value = "https://shop463601444.taobao.com"; VariantName = "[No Variations]"
Add component (AddParameter): Name = "版权归属"; Value = "封装库来自淘宝 ID：黄晶宝石"; VariantName = "[No Variations]"
Added Component: Designator=LED7(LED 0603R)
Add component (AddParameter): Name = "BOM名称"; Value = "贴片LED"; VariantName = "[No Variations]"
Add component (AddParameter): Name = "学习资源"; Value = "https://shop463601444.taobao.com"; VariantName = "[No Variations]"
Add component (AddParameter): Name = "版权归属"; Value = "封装库来自淘宝 ID：黄晶宝石"; VariantName = "[No Variations]"
Added Component: Designator=LED8(LED 0603R)
Add component (AddParameter): Name = "BOM名称"; Value = "贴片LED"; VariantName = "[No Variations]"
Add component (AddParameter): Name = "学习资源"; Value = "https://shop463601444.taobao.com"; VariantName = "[No Variations]"
Add component (AddParameter): Name = "版权归属"; Value = "封装库来自淘宝 ID：黄晶宝石"; VariantName = "[No Variations]"
Added Component: Designator=LED9(LED 0603R)
Add component (AddParameter): Name = "BOM名称"; Value = "贴片LED"; VariantName = "[No Variations]"
Add component (AddParameter): Name = "学习资源"; Value = "https://shop463601444.taobao.com"; VariantName = "[No Variations]"
Add component (AddParameter): Name = "版权归属"; Value = "封装库来自淘宝 ID：黄晶宝石"; VariantName = "[No Variations]"
Added Component: Designator=LED10(LED 0603R)
Add component (AddParameter): Name = "BOM名称"; Value = "贴片LED"; VariantName = "[No Variations]"
Add component (AddParameter): Name = "学习资源"; Value = "https://shop463601444.taobao.com"; VariantName = "[No Variations]"
Add component (AddParameter): Name = "版权归属"; Value = "封装库来自淘宝 ID：黄晶宝石"; VariantName = "[No Variations]"
Added Component: Designator=LED11(LED 0603R)
Add component (AddParameter): Name = "BOM名称"; Value = "贴片LED"; VariantName = "[No Variations]"
Add component (AddParameter): Name = "学习资源"; Value = "https://shop463601444.taobao.com"; VariantName = "[No Variations]"
Add component (AddParameter): Name = "版权归属"; Value = "封装库来自淘宝 ID：黄晶宝石"; VariantName = "[No Variations]"
Added Component: Designator=LED12(LED 0603R)
Add component (AddParameter): Name = "BOM名称"; Value = "贴片LED"; VariantName = "[No Variations]"
Add component (AddParameter): Name = "学习资源"; Value = "https://shop463601444.taobao.com"; VariantName = "[No Variations]"
Add component (AddParameter): Name = "版权归属"; Value = "封装库来自淘宝 ID：黄晶宝石"; VariantName = "[No Variations]"
Added Component: Designator=LED13(LED 0603R)
Add component (AddParameter): Name = "BOM名称"; Value = "贴片LED"; VariantName = "[No Variations]"
Add component (AddParameter): Name = "学习资源"; Value = "https://shop463601444.taobao.com"; VariantName = "[No Variations]"
Add component (AddParameter): Name = "版权归属"; Value = "封装库来自淘宝 ID：黄晶宝石"; VariantName = "[No Variations]"
Added Component: Designator=R3(R 0603_L)
Add component (AddParameter): Name = "BOM名称"; Value = "贴片电阻"; VariantName = "[No Variations]"
Add component (AddParameter): Name = "封装库来自淘宝卖家 ID：黄晶宝石"; Value = "其他店铺购入均为盗版，不享受售后技术支持服务，请立即申请退款"; VariantName = "[No Variations]"
Add component (AddParameter): Name = "版权归属"; Value = "来自淘宝 ID：黄晶宝石"; VariantName = "[No Variations]"
Add component (AddParameter): Name = "联系售后"; Value = "https://shop463601444.taobao.com"; VariantName = "[No Variations]"
Added Pin To Net: NetName=SCL Pin=JP1-21
Added Pin To Net: NetName=SDA Pin=JP1-23
Added Pin To Net: NetName=GND Pin=LED1-2
Added Pin To Net: NetName=GND Pin=LED2-2
Added Pin To Net: NetName=GND Pin=LED3-2
Added Pin To Net: NetName=GND Pin=LED4-2
Added Pin To Net: NetName=GND Pin=LED5-2
Added Pin To Net: NetName=GND Pin=LED6-2
Added Pin To Net: NetName=GND Pin=LED7-2
Added Pin To Net: NetName=GND Pin=LED8-2
Added Pin To Net: NetName=GND Pin=LED9-2
Added Pin To Net: NetName=GND Pin=LED10-2
Added Pin To Net: NetName=GND Pin=LED11-2
Added Pin To Net: NetName=GND Pin=LED12-2
Added Pin To Net: NetName=GND Pin=LED13-2
Added Pin To Net: NetName=5V Pin=R3-2
Change Net Name : Old Net Name=1 New Net Name=LED1_6
Change Net Name : Old Net Name=2 New Net Name=LED7_12
Added Pin To Net: NetName=3V3 Pin=JP1-1
Added Net: Name=3V3
Added Pin To Net: NetName=NetLED1_1 Pin=LED1-1
Added Pin To Net: NetName=NetLED1_1 Pin=LED2-1
Added Pin To Net: NetName=NetLED1_1 Pin=LED3-1
Added Pin To Net: NetName=NetLED1_1 Pin=LED4-1
Added Pin To Net: NetName=NetLED1_1 Pin=LED5-1
Added Pin To Net: NetName=NetLED1_1 Pin=LED6-1
Added Pin To Net: NetName=NetLED1_1 Pin=R1-1
Added Net: Name=NetLED1_1
Added Pin To Net: NetName=NetLED7_1 Pin=LED7-1
Added Pin To Net: NetName=NetLED7_1 Pin=LED8-1
Added Pin To Net: NetName=NetLED7_1 Pin=LED9-1
Added Pin To Net: NetName=NetLED7_1 Pin=LED10-1
Added Pin To Net: NetName=NetLED7_1 Pin=LED11-1
Added Pin To Net: NetName=NetLED7_1 Pin=LED12-1
Added Pin To Net: NetName=NetLED7_1 Pin=R2-1
Added Net: Name=NetLED7_1
Added Pin To Net: NetName=NetLED13_1 Pin=LED13-1
Added Pin To Net: NetName=NetLED13_1 Pin=R3-1
Added Net: Name=NetLED13_1
Added Member To Class: ClassName=OLED Member=Component LED1 红色
Added Member To Class: ClassName=OLED Member=Component LED2 红色
Added Member To Class: ClassName=OLED Member=Component LED3 红色
Added Member To Class: ClassName=OLED Member=Component LED4 红色
Added Member To Class: ClassName=OLED Member=Component LED5 红色
Added Member To Class: ClassName=OLED Member=Component LED6 红色
Added Member To Class: ClassName=OLED Member=Component LED7 红色
Added Member To Class: ClassName=OLED Member=Component LED8 红色
Added Member To Class: ClassName=OLED Member=Component LED9 红色
Added Member To Class: ClassName=OLED Member=Component LED10 红色
Added Member To Class: ClassName=OLED Member=Component LED11 红色
Added Member To Class: ClassName=OLED Member=Component LED12 红色
Added Member To Class: ClassName=OLED Member=Component LED13 红色
Added Member To Class: ClassName=OLED Member=Component Mark1 Mark
Added Member To Class: ClassName=OLED Member=Component Mark2 Mark
Added Member To Class: ClassName=OLED Member=Component R3 1K
Added Room: Name=OLED
