Removed Pin From Net: NetName=5V Pin=C1-2
Removed Pin From Net: NetName=5V Pin=C2-2
Removed Pin From Net: NetName=5V Pin=JP1-1
Change Component Designator: OldDesignator= NewDesignator=MARK1
Change Component Designator: OldDesignator= NewDesignator=MARK2
Added Pin To Net: NetName=+3V3 Pin=C1-2
Added Pin To Net: NetName=+3V3 Pin=C2-2
Added Pin To Net: NetName=+3V3 Pin=JP1-1
Change Net Name : Old Net Name=+3V3 New Net Name=3V3
Added Pin To Net: NetName=LED7_12 Pin=JP1-21
Added Pin To Net: NetName=LED7_12 Pin=R14-2
Added Net: Name=LED7_12
Added Pin To Net: NetName=LED13_18 Pin=JP1-23
Added Pin To Net: NetName=LED13_18 Pin=R15-2
Added Net: Name=LED13_18
Added Pin To Net: NetName=S1_A Pin=JP1-6
Added Pin To Net: NetName=S1_A Pin=R2-2
Added Pin To Net: NetName=S1_A Pin=S1-A
Added Net: Name=S1_A
Added Pin To Net: NetName=S1_C Pin=JP1-8
Added Pin To Net: NetName=S1_C Pin=R3-2
Added Pin To Net: NetName=S1_C Pin=S1-C
Added Net: Name=S1_C
Added Pin To Net: NetName=SW_Down Pin=JP1-15
Added Pin To Net: NetName=SW_Down Pin=R6-2
Added Pin To Net: NetName=SW_Down Pin=SW3-4
Added Net: Name=SW_Down
Added Pin To Net: NetName=SW_Left Pin=JP1-19
Added Pin To Net: NetName=SW_Left Pin=R4-2
Added Pin To Net: NetName=SW_Left Pin=SW1-4
Added Net: Name=SW_Left
Added Pin To Net: NetName=SW_R10 Pin=JP1-10
Added Pin To Net: NetName=SW_R10 Pin=R10-2
Added Net: Name=SW_R10
Added Pin To Net: NetName=SW_Right Pin=JP1-13
Added Pin To Net: NetName=SW_Right Pin=R7-2
Added Pin To Net: NetName=SW_Right Pin=SW4-4
Added Net: Name=SW_Right
Added Pin To Net: NetName=SW_U2 Pin=JP1-11
Added Pin To Net: NetName=SW_U2 Pin=R8-2
Added Pin To Net: NetName=SW_U2 Pin=U2-B2A
Added Net: Name=SW_U2
Added Pin To Net: NetName=SW_UP Pin=JP1-17
Added Pin To Net: NetName=SW_UP Pin=R5-2
Added Pin To Net: NetName=SW_UP Pin=SW2-4
Added Net: Name=SW_UP
Added Pin To Net: NetName=U2_H Pin=JP1-12
Added Pin To Net: NetName=U2_H Pin=U2-H2
Added Net: Name=U2_H
Added Pin To Net: NetName=U2_V Pin=JP1-14
Added Pin To Net: NetName=U2_V Pin=U2-V2
Added Net: Name=U2_V
Added Member To Class: ClassName=keyboard Member=Component MARK1 Mark
Added Member To Class: ClassName=keyboard Member=Component MARK2 Mark
Added Room: Name=keyboard
