Removed Pin From Net: NetName=LCD  D7 Pin=JP3-2
Removed Pin From Net: NetName=LCD  D6 Pin=JP3-4
Removed Pin From Net: NetName=IO40 Pin=JP3-5
Removed Pin From Net: NetName=LCD  D5 Pin=JP3-6
Removed Pin From Net: NetName=IO41 Pin=JP3-7
Removed Pin From Net: NetName=LCD  D4 Pin=JP3-8
Removed Pin From Net: NetName=IO42 Pin=JP3-9
Removed Pin From Net: NetName=LCD  D3 Pin=JP3-10
Removed Pin From Net: NetName=IO43 Pin=JP3-11
Removed Pin From Net: NetName=LCD  D2 Pin=JP3-12
Removed Pin From Net: NetName=IO44 Pin=JP3-13
Removed Pin From Net: NetName=LCD  D1 Pin=JP3-14
Removed Pin From Net: NetName=IO45 Pin=JP3-15
Removed Pin From Net: NetName=LCD  D0 Pin=JP3-16
Removed Pin From Net: NetName=IO46 Pin=JP3-17
Removed Pin From Net: NetName=IO47 Pin=JP3-19
Removed Pin From Net: NetName=DVP_D7 Pin=JP4-2
Removed Pin From Net: NetName=DVP_D6 Pin=JP4-4
Removed Pin From Net: NetName=IO0 Pin=JP4-5
Removed Pin From Net: NetName=DVP_D5 Pin=JP4-6
Removed Pin From Net: NetName=IO1 Pin=JP4-7
Removed Pin From Net: NetName=DVP_D4 Pin=JP4-8
Removed Pin From Net: NetName=IO2 Pin=JP4-9
Removed Pin From Net: NetName=DVP_D3 Pin=JP4-10
Removed Pin From Net: NetName=IO8 Pin=JP4-11
Removed Pin From Net: NetName=DVP_D2 Pin=JP4-12
Removed Pin From Net: NetName=IO9 Pin=JP4-13
Removed Pin From Net: NetName=DVP_D1 Pin=JP4-14
Removed Pin From Net: NetName=IO10 Pin=JP4-15
Removed Pin From Net: NetName=DVP_D0 Pin=JP4-16
Removed Pin From Net: NetName=IO11 Pin=JP4-17
Removed Pin From Net: NetName=IO12 Pin=JP4-19
Added Pin To Net: NetName=IO40 Pin=JP3-2
Added Pin To Net: NetName=IO41 Pin=JP3-4
Added Pin To Net: NetName=LCD  D7 Pin=JP3-5
Added Pin To Net: NetName=IO42 Pin=JP3-6
Added Pin To Net: NetName=LCD  D6 Pin=JP3-7
Added Pin To Net: NetName=IO43 Pin=JP3-8
Added Pin To Net: NetName=LCD  D5 Pin=JP3-9
Added Pin To Net: NetName=IO44 Pin=JP3-10
Added Pin To Net: NetName=LCD  D4 Pin=JP3-11
Added Pin To Net: NetName=IO45 Pin=JP3-12
Added Pin To Net: NetName=LCD  D3 Pin=JP3-13
Added Pin To Net: NetName=IO46 Pin=JP3-14
Added Pin To Net: NetName=LCD  D2 Pin=JP3-15
Added Pin To Net: NetName=IO47 Pin=JP3-16
Added Pin To Net: NetName=LCD  D1 Pin=JP3-17
Added Pin To Net: NetName=LCD  D0 Pin=JP3-19
Added Pin To Net: NetName=DVP_D7 Pin=JP4-5
Added Pin To Net: NetName=IO0 Pin=JP4-6
Added Pin To Net: NetName=DVP_D6 Pin=JP4-7
Added Pin To Net: NetName=IO1 Pin=JP4-8
Added Pin To Net: NetName=DVP_D5 Pin=JP4-9
Added Pin To Net: NetName=IO2 Pin=JP4-10
Added Pin To Net: NetName=DVP_D4 Pin=JP4-11
Added Pin To Net: NetName=IO8 Pin=JP4-12
Added Pin To Net: NetName=DVP_D3 Pin=JP4-13
Added Pin To Net: NetName=IO9 Pin=JP4-14
Added Pin To Net: NetName=DVP_D2 Pin=JP4-15
Added Pin To Net: NetName=IO10 Pin=JP4-16
Added Pin To Net: NetName=DVP_D1 Pin=JP4-17
Added Pin To Net: NetName=IO11 Pin=JP4-18
Added Pin To Net: NetName=DVP_D0 Pin=JP4-19
Added Pin To Net: NetName=IO12 Pin=JP4-20
Added Member To Class: ClassName=k210_V3.0 Member=Component * Mark
Added Room: Name=k210_V3.0
