Added Component: Designator=*(Mark)
Added Component: Designator=*(Mark)
Added Component: Designator=C1(C 0603_M)
Added Component: Designator=C2(C 0603_M)
Added Component: Designator=C3(C 0603_M)
Added Component: Designator=C4(C 0603_M)
Added Component: Designator=C5(C 0603_M)
Added Component: Designator=C6(C 0603_M)
Added Component: Designator=C7(C 0603_M)
Added Component: Designator=C8(C 0603_L)
Add component (AddParameter): Name = "BOM名称"; Value = "无极性贴片电容"; VariantName = "[No Variations]"
Add component (AddParameter): Name = "唯一出售店铺网址"; Value = "https://shop463601444.taobao.com"; VariantName = "[No Variations]"
Add component (AddParameter): Name = "淘宝ID"; Value = "封装库来自淘宝 ID：黄晶宝石"; VariantName = "[No Variations]"
Add component (AddParameter): Name = "联系售后，技术支持"; Value = "https://shop463601444.taobao.com"; VariantName = "[No Variations]"
Added Component: Designator=C9(C 0603_L)
Add component (AddParameter): Name = "BOM名称"; Value = "无极性贴片电容"; VariantName = "[No Variations]"
Add component (AddParameter): Name = "唯一出售店铺网址"; Value = "https://shop463601444.taobao.com"; VariantName = "[No Variations]"
Add component (AddParameter): Name = "淘宝ID"; Value = "封装库来自淘宝 ID：黄晶宝石"; VariantName = "[No Variations]"
Add component (AddParameter): Name = "联系售后，技术支持"; Value = "https://shop463601444.taobao.com"; VariantName = "[No Variations]"
Added Component: Designator=C10(C 0603_L)
Add component (AddParameter): Name = "BOM名称"; Value = "无极性贴片电容"; VariantName = "[No Variations]"
Add component (AddParameter): Name = "唯一出售店铺网址"; Value = "https://shop463601444.taobao.com"; VariantName = "[No Variations]"
Add component (AddParameter): Name = "淘宝ID"; Value = "封装库来自淘宝 ID：黄晶宝石"; VariantName = "[No Variations]"
Add component (AddParameter): Name = "联系售后，技术支持"; Value = "https://shop463601444.taobao.com"; VariantName = "[No Variations]"
Added Component: Designator=C11(C 0603_L)
Add component (AddParameter): Name = "BOM名称"; Value = "无极性贴片电容"; VariantName = "[No Variations]"
Add component (AddParameter): Name = "唯一出售店铺网址"; Value = "https://shop463601444.taobao.com"; VariantName = "[No Variations]"
Add component (AddParameter): Name = "淘宝ID"; Value = "封装库来自淘宝 ID：黄晶宝石"; VariantName = "[No Variations]"
Add component (AddParameter): Name = "联系售后，技术支持"; Value = "https://shop463601444.taobao.com"; VariantName = "[No Variations]"
Added Component: Designator=CH340C(sop16_L)
Add component (AddParameter): Name = "唯一出售店铺网址"; Value = "https://shop463601444.taobao.com"; VariantName = "[No Variations]"
Add component (AddParameter): Name = "技术支持，联系售后"; Value = "封装库来自淘宝卖家 ID：黄晶宝石"; VariantName = "[No Variations]"
Added Component: Designator=D1(SOD-323)
Add component (AddParameter): Name = "BOM名称"; Value = "肖特基二极管"; VariantName = "[No Variations]"
Add component (AddParameter): Name = "属性"; Value = "40V/2A"; VariantName = "[No Variations]"
Add component (AddParameter): Name = "欢迎光临"; Value = "https://shop463601444.taobao.com"; VariantName = "[No Variations]"
Add component (AddParameter): Name = "淘宝ID"; Value = "封装库来自淘宝 ID：黄晶宝石"; VariantName = "[No Variations]"
Added Component: Designator=JP1(HDR2.54-M-LI-2P)
Add component (AddParameter): Name = "BOM名称"; Value = "2P接插件"; VariantName = "[No Variations]"
Add component (AddParameter): Name = "版权归属"; Value = "封装库来自淘宝 ID：黄晶宝石"; VariantName = "[No Variations]"
Add component (AddParameter): Name = "联系售后"; Value = "https://shop463601444.taobao.com"; VariantName = "[No Variations]"
Added Component: Designator=JP2(HDR2.54-LI-2x3P)
Add component (AddParameter): Name = "BOM名称"; Value = "3*2P接插件"; VariantName = "[No Variations]"
Add component (AddParameter): Name = "学习资源"; Value = "https://shop463601444.taobao.com"; VariantName = "[No Variations]"
Add component (AddParameter): Name = "版权归属"; Value = "封装库来自淘宝 ID：黄晶宝石"; VariantName = "[No Variations]"
Added Component: Designator=JP3(HDR2.54-WI-2x12P)
Add component (AddParameter): Name = "BOM名称"; Value = "12*2P接插件"; VariantName = "[No Variations]"
Add component (AddParameter): Name = "学习资源"; Value = "https://shop463601444.taobao.com"; VariantName = "[No Variations]"
Add component (AddParameter): Name = "版权归属"; Value = "封装库来自淘宝卖家 ID：黄晶宝石"; VariantName = "[No Variations]"
Added Component: Designator=JP4(HDR2.54-WI-2x12P)
Add component (AddParameter): Name = "BOM名称"; Value = "12*2P接插件"; VariantName = "[No Variations]"
Add component (AddParameter): Name = "学习资源"; Value = "https://shop463601444.taobao.com"; VariantName = "[No Variations]"
Add component (AddParameter): Name = "版权归属"; Value = "封装库来自淘宝卖家 ID：黄晶宝石"; VariantName = "[No Variations]"
Added Component: Designator=JP5(HDR2.54-WI-2x12P)
Add component (AddParameter): Name = "BOM名称"; Value = "12*2P接插件"; VariantName = "[No Variations]"
Add component (AddParameter): Name = "学习资源"; Value = "https://shop463601444.taobao.com"; VariantName = "[No Variations]"
Add component (AddParameter): Name = "版权归属"; Value = "封装库来自淘宝卖家 ID：黄晶宝石"; VariantName = "[No Variations]"
Added Component: Designator=JP6(HDR2.54-WI-2x12P)
Add component (AddParameter): Name = "BOM名称"; Value = "12*2P接插件"; VariantName = "[No Variations]"
Add component (AddParameter): Name = "学习资源"; Value = "https://shop463601444.taobao.com"; VariantName = "[No Variations]"
Add component (AddParameter): Name = "版权归属"; Value = "封装库来自淘宝卖家 ID：黄晶宝石"; VariantName = "[No Variations]"
Added Component: Designator=JP7(HDR2.54-WI-2x12P)
Add component (AddParameter): Name = "BOM名称"; Value = "12*2P接插件"; VariantName = "[No Variations]"
Add component (AddParameter): Name = "学习资源"; Value = "https://shop463601444.taobao.com"; VariantName = "[No Variations]"
Add component (AddParameter): Name = "版权归属"; Value = "封装库来自淘宝卖家 ID：黄晶宝石"; VariantName = "[No Variations]"
Added Component: Designator=LED1(LED 0603R)
Add component (AddParameter): Name = "BOM名称"; Value = "贴片LED"; VariantName = "[No Variations]"
Add component (AddParameter): Name = "学习资源"; Value = "https://shop463601444.taobao.com"; VariantName = "[No Variations]"
Add component (AddParameter): Name = "版权归属"; Value = "封装库来自淘宝 ID：黄晶宝石"; VariantName = "[No Variations]"
Added Component: Designator=LED2(LED 0603R)
Add component (AddParameter): Name = "BOM名称"; Value = "贴片LED"; VariantName = "[No Variations]"
Add component (AddParameter): Name = "学习资源"; Value = "https://shop463601444.taobao.com"; VariantName = "[No Variations]"
Add component (AddParameter): Name = "版权归属"; Value = "封装库来自淘宝 ID：黄晶宝石"; VariantName = "[No Variations]"
Added Component: Designator=Q1(SOT23-3N)
Add component (AddParameter): Name = "BOM名称"; Value = "高频放大-NPN型"; VariantName = "[No Variations]"
Add component (AddParameter): Name = "属性"; Value = "40V 1.5A 1W 100MHZ"; VariantName = "[No Variations]"
Add component (AddParameter): Name = "版权归属"; Value = "封装库来自淘宝 ID：黄晶宝石"; VariantName = "[No Variations]"
Add component (AddParameter): Name = "联系售后"; Value = "https://shop463601444.taobao.com"; VariantName = "[No Variations]"
Added Component: Designator=Q2(SOT23-3N)
Add component (AddParameter): Name = "BOM名称"; Value = "高频放大-NPN型"; VariantName = "[No Variations]"
Add component (AddParameter): Name = "属性"; Value = "40V 1.5A 1W 100MHZ"; VariantName = "[No Variations]"
Add component (AddParameter): Name = "版权归属"; Value = "封装库来自淘宝 ID：黄晶宝石"; VariantName = "[No Variations]"
Add component (AddParameter): Name = "联系售后"; Value = "https://shop463601444.taobao.com"; VariantName = "[No Variations]"
Added Component: Designator=R1(R 0603_M)
Added Component: Designator=R2(R 0603_M)
Added Component: Designator=R3(R 0603_L)
Add component (AddParameter): Name = "BOM名称"; Value = "贴片电阻"; VariantName = "[No Variations]"
Add component (AddParameter): Name = "封装库来自淘宝卖家 ID：黄晶宝石"; Value = "其他店铺购入均为盗版，不享受售后技术支持服务，请立即申请退款"; VariantName = "[No Variations]"
Add component (AddParameter): Name = "版权归属"; Value = "来自淘宝 ID：黄晶宝石"; VariantName = "[No Variations]"
Add component (AddParameter): Name = "联系售后"; Value = "https://shop463601444.taobao.com"; VariantName = "[No Variations]"
Added Component: Designator=R4(R 0603_L)
Add component (AddParameter): Name = "BOM名称"; Value = "贴片电阻"; VariantName = "[No Variations]"
Add component (AddParameter): Name = "封装库来自淘宝卖家 ID：黄晶宝石"; Value = "其他店铺购入均为盗版，不享受售后技术支持服务，请立即申请退款"; VariantName = "[No Variations]"
Add component (AddParameter): Name = "版权归属"; Value = "来自淘宝 ID：黄晶宝石"; VariantName = "[No Variations]"
Add component (AddParameter): Name = "联系售后"; Value = "https://shop463601444.taobao.com"; VariantName = "[No Variations]"
Added Component: Designator=R9(R 0603_L)
Add component (AddParameter): Name = "BOM名称"; Value = "贴片电阻"; VariantName = "[No Variations]"
Add component (AddParameter): Name = "封装库来自淘宝卖家 ID：黄晶宝石"; Value = "其他店铺购入均为盗版，不享受售后技术支持服务，请立即申请退款"; VariantName = "[No Variations]"
Add component (AddParameter): Name = "版权归属"; Value = "来自淘宝 ID：黄晶宝石"; VariantName = "[No Variations]"
Add component (AddParameter): Name = "联系售后"; Value = "https://shop463601444.taobao.com"; VariantName = "[No Variations]"
Added Component: Designator=R10(R 0603_L)
Add component (AddParameter): Name = "BOM名称"; Value = "贴片电阻"; VariantName = "[No Variations]"
Add component (AddParameter): Name = "封装库来自淘宝卖家 ID：黄晶宝石"; Value = "其他店铺购入均为盗版，不享受售后技术支持服务，请立即申请退款"; VariantName = "[No Variations]"
Add component (AddParameter): Name = "版权归属"; Value = "来自淘宝 ID：黄晶宝石"; VariantName = "[No Variations]"
Add component (AddParameter): Name = "联系售后"; Value = "https://shop463601444.taobao.com"; VariantName = "[No Variations]"
Added Component: Designator=SW1(TSW SMD-3*6*2.5)
Add component (AddParameter): Name = "BOM名称"; Value = "3x6轻触开关"; VariantName = "[No Variations]"
Add component (AddParameter): Name = "学习资源"; Value = "https://shop463601444.taobao.com"; VariantName = "[No Variations]"
Add component (AddParameter): Name = "版权归属"; Value = "封装库来自淘宝 ID：黄晶宝石"; VariantName = "[No Variations]"
Added Component: Designator=U1(M1W)
Added Component: Designator=V1(SOT223_L)
Add component (AddParameter): Name = "BOM名称"; Value = "稳压芯片"; VariantName = "[No Variations]"
Add component (AddParameter): Name = "欢迎光临淘宝店铺"; Value = "https://shop463601444.taobao.com"; VariantName = "[No Variations]"
Add component (AddParameter): Name = "淘宝ID"; Value = "封装库来自淘宝 ID：黄晶宝石"; VariantName = "[No Variations]"
Added Component: Designator=V2(SOT223_L)
Add component (AddParameter): Name = "BOM名称"; Value = "稳压芯片"; VariantName = "[No Variations]"
Add component (AddParameter): Name = "欢迎光临淘宝店铺"; Value = "https://shop463601444.taobao.com"; VariantName = "[No Variations]"
Add component (AddParameter): Name = "淘宝ID"; Value = "封装库来自淘宝 ID：黄晶宝石"; VariantName = "[No Variations]"
Added Pin To Net: NetName=GND Pin=C1-1
Added Pin To Net: NetName=3V3 Pin=C1-2
Added Pin To Net: NetName=GND Pin=C2-1
Added Pin To Net: NetName=5V Pin=C2-2
Added Pin To Net: NetName=GND Pin=C3-1
Added Pin To Net: NetName=3V3 Pin=C3-2
Added Pin To Net: NetName=GND Pin=C4-1
Added Pin To Net: NetName=1V8 Pin=C4-2
Added Pin To Net: NetName=GND Pin=C5-1
Added Pin To Net: NetName=5V Pin=C5-2
Added Pin To Net: NetName=GND Pin=C6-1
Added Pin To Net: NetName=1V8 Pin=C6-2
Added Pin To Net: NetName=GND Pin=C7-1
Added Pin To Net: NetName=RST Pin=C7-2
Added Pin To Net: NetName=GND Pin=C8-1
Added Pin To Net: NetName=VCCBUS Pin=C8-2
Added Pin To Net: NetName=GND Pin=C9-1
Added Pin To Net: NetName=VCCBUS Pin=C9-2
Added Pin To Net: NetName=GND Pin=C10-1
Added Pin To Net: NetName=3V3 Pin=C10-2
Added Pin To Net: NetName=GND Pin=C11-1
Added Pin To Net: NetName=3V3 Pin=C11-2
Added Pin To Net: NetName=GND Pin=CH340C-1
Added Pin To Net: NetName=CH_RX Pin=CH340C-2
Added Pin To Net: NetName=CH_TX Pin=CH340C-3
Added Pin To Net: NetName=3V3 Pin=CH340C-4
Added Pin To Net: NetName=CH_DP Pin=CH340C-5
Added Pin To Net: NetName=CH_DM Pin=CH340C-6
Added Pin To Net: NetName=DTR# Pin=CH340C-13
Added Pin To Net: NetName=RTS# Pin=CH340C-14
Added Pin To Net: NetName=3V3 Pin=CH340C-16
Added Pin To Net: NetName=VCCBUS Pin=D1-1
Added Pin To Net: NetName=5V Pin=D1-2
Added Pin To Net: NetName=3V3 Pin=JP1-1
Added Pin To Net: NetName=BOOT Pin=JP1-2
Added Pin To Net: NetName=DEBUG_TX Pin=JP2-1
Added Pin To Net: NetName=DEBUG_RX Pin=JP2-2
Added Pin To Net: NetName=CH_TX Pin=JP2-3
Added Pin To Net: NetName=CH_RX Pin=JP2-4
Added Pin To Net: NetName=DEBUG_TX1 Pin=JP2-5
Added Pin To Net: NetName=DEBUG_RX1 Pin=JP2-6
Added Pin To Net: NetName=LCD  D0 Pin=JP3-2
Added Pin To Net: NetName=LCD  D1 Pin=JP3-4
Added Pin To Net: NetName=IO47 Pin=JP3-5
Added Pin To Net: NetName=LCD  D2 Pin=JP3-6
Added Pin To Net: NetName=IO46 Pin=JP3-7
Added Pin To Net: NetName=LCD  D3 Pin=JP3-8
Added Pin To Net: NetName=IO45 Pin=JP3-9
Added Pin To Net: NetName=LCD  D4 Pin=JP3-10
Added Pin To Net: NetName=IO44 Pin=JP3-11
Added Pin To Net: NetName=LCD  D5 Pin=JP3-12
Added Pin To Net: NetName=IO43 Pin=JP3-13
Added Pin To Net: NetName=LCD  D6 Pin=JP3-14
Added Pin To Net: NetName=IO42 Pin=JP3-15
Added Pin To Net: NetName=LCD  D7 Pin=JP3-16
Added Pin To Net: NetName=IO41 Pin=JP3-17
Added Pin To Net: NetName=IO40 Pin=JP3-19
Added Pin To Net: NetName=GND Pin=JP3-21
Added Pin To Net: NetName=GND Pin=JP3-22
Added Pin To Net: NetName=3V3 Pin=JP3-23
Added Pin To Net: NetName=5V Pin=JP3-24
Added Pin To Net: NetName=DVP_D0 Pin=JP4-2
Added Pin To Net: NetName=DVP_D1 Pin=JP4-4
Added Pin To Net: NetName=IO0 Pin=JP4-5
Added Pin To Net: NetName=DVP_D2 Pin=JP4-6
Added Pin To Net: NetName=IO1 Pin=JP4-7
Added Pin To Net: NetName=DVP_D3 Pin=JP4-8
Added Pin To Net: NetName=IO2 Pin=JP4-9
Added Pin To Net: NetName=DVP_D4 Pin=JP4-10
Added Pin To Net: NetName=IO8 Pin=JP4-11
Added Pin To Net: NetName=DVP_D5 Pin=JP4-12
Added Pin To Net: NetName=IO9 Pin=JP4-13
Added Pin To Net: NetName=DVP_D6 Pin=JP4-14
Added Pin To Net: NetName=IO10 Pin=JP4-15
Added Pin To Net: NetName=DVP_D7 Pin=JP4-16
Added Pin To Net: NetName=IO11 Pin=JP4-17
Added Pin To Net: NetName=IO12 Pin=JP4-19
Added Pin To Net: NetName=GND Pin=JP4-21
Added Pin To Net: NetName=GND Pin=JP4-22
Added Pin To Net: NetName=3V3 Pin=JP4-23
Added Pin To Net: NetName=5V Pin=JP4-24
Added Pin To Net: NetName=IO39 Pin=JP5-1
Added Pin To Net: NetName=IO32 Pin=JP5-2
Added Pin To Net: NetName=IO38 Pin=JP5-3
Added Pin To Net: NetName=IO33 Pin=JP5-4
Added Pin To Net: NetName=IO34 Pin=JP5-6
Added Pin To Net: NetName=IO35 Pin=JP5-8
Added Pin To Net: NetName=IO37 Pin=JP5-17
Added Pin To Net: NetName=IO36 Pin=JP5-19
Added Pin To Net: NetName=GND Pin=JP5-21
Added Pin To Net: NetName=GND Pin=JP5-22
Added Pin To Net: NetName=3V3 Pin=JP5-23
Added Pin To Net: NetName=5V Pin=JP5-24
Added Pin To Net: NetName=IO13 Pin=JP6-1
Added Pin To Net: NetName=IO14 Pin=JP6-3
Added Pin To Net: NetName=IO15 Pin=JP6-11
Added Pin To Net: NetName=IO18 Pin=JP6-13
Added Pin To Net: NetName=IO22 Pin=JP6-14
Added Pin To Net: NetName=IO19 Pin=JP6-15
Added Pin To Net: NetName=IO23 Pin=JP6-16
Added Pin To Net: NetName=IO20 Pin=JP6-17
Added Pin To Net: NetName=IO24 Pin=JP6-18
Added Pin To Net: NetName=CLK Pin=JP6-19
Added Pin To Net: NetName=IO25 Pin=JP6-20
Added Pin To Net: NetName=GND Pin=JP6-21
Added Pin To Net: NetName=GND Pin=JP6-22
Added Pin To Net: NetName=3V3 Pin=JP6-23
Added Pin To Net: NetName=5V Pin=JP6-24
Added Pin To Net: NetName=IO26 Pin=JP7-1
Added Pin To Net: NetName=IO27 Pin=JP7-3
Added Pin To Net: NetName=IO28 Pin=JP7-10
Added Pin To Net: NetName=IO29 Pin=JP7-12
Added Pin To Net: NetName=IO30 Pin=JP7-14
Added Pin To Net: NetName=IO31 Pin=JP7-16
Added Pin To Net: NetName=GND Pin=JP7-21
Added Pin To Net: NetName=GND Pin=JP7-22
Added Pin To Net: NetName=3V3 Pin=JP7-23
Added Pin To Net: NetName=5V Pin=JP7-24
Added Pin To Net: NetName=NetLED1_1 Pin=LED1-1
Added Pin To Net: NetName=GND Pin=LED1-2
Added Pin To Net: NetName=NetLED2_1 Pin=LED2-1
Added Pin To Net: NetName=GND Pin=LED2-2
Added Pin To Net: NetName=NetQ1_1 Pin=Q1-1
Added Pin To Net: NetName=RTS# Pin=Q1-2
Added Pin To Net: NetName=RST Pin=Q1-3
Added Pin To Net: NetName=NetQ2_1 Pin=Q2-1
Added Pin To Net: NetName=DTR# Pin=Q2-2
Added Pin To Net: NetName=BOOT Pin=Q2-3
Added Pin To Net: NetName=BOOT Pin=R1-1
Added Pin To Net: NetName=GND Pin=R1-2
Added Pin To Net: NetName=3V3 Pin=R2-1
Added Pin To Net: NetName=RST Pin=R2-2
Added Pin To Net: NetName=NetLED1_1 Pin=R3-1
Added Pin To Net: NetName=3V3 Pin=R3-2
Added Pin To Net: NetName=NetLED2_1 Pin=R4-1
Added Pin To Net: NetName=1V8 Pin=R4-2
Added Pin To Net: NetName=DTR# Pin=R9-1
Added Pin To Net: NetName=NetQ1_1 Pin=R9-2
Added Pin To Net: NetName=NetQ2_1 Pin=R10-1
Added Pin To Net: NetName=RTS# Pin=R10-2
Added Pin To Net: NetName=RST Pin=SW1-1
Added Pin To Net: NetName=GND Pin=SW1-2
Added Pin To Net: NetName=GND Pin=U1-0
Added Pin To Net: NetName=GND Pin=U1-0
Added Pin To Net: NetName=GND Pin=U1-0
Added Pin To Net: NetName=GND Pin=U1-0
Added Pin To Net: NetName=IO0 Pin=U1-1
Added Pin To Net: NetName=IO1 Pin=U1-2
Added Pin To Net: NetName=IO2 Pin=U1-3
Added Pin To Net: NetName=KEY Pin=U1-4
Added Pin To Net: NetName=DEBUG_RX Pin=U1-5
Added Pin To Net: NetName=DEBUG_TX Pin=U1-6
Added Pin To Net: NetName=DEBUG_RX1 Pin=U1-7
Added Pin To Net: NetName=DEBUG_TX1 Pin=U1-8
Added Pin To Net: NetName=IO8 Pin=U1-9
Added Pin To Net: NetName=IO9 Pin=U1-10
Added Pin To Net: NetName=IO10 Pin=U1-11
Added Pin To Net: NetName=IO11 Pin=U1-12
Added Pin To Net: NetName=IO12 Pin=U1-13
Added Pin To Net: NetName=IO13 Pin=U1-14
Added Pin To Net: NetName=IO14 Pin=U1-15
Added Pin To Net: NetName=IO15 Pin=U1-16
Added Pin To Net: NetName=BOOT Pin=U1-17
Added Pin To Net: NetName=IO17 Pin=U1-18
Added Pin To Net: NetName=IO18 Pin=U1-19
Added Pin To Net: NetName=IO19 Pin=U1-20
Added Pin To Net: NetName=IO20 Pin=U1-21
Added Pin To Net: NetName=CLK Pin=U1-22
Added Pin To Net: NetName=IO22 Pin=U1-23
Added Pin To Net: NetName=IO23 Pin=U1-24
Added Pin To Net: NetName=IO24 Pin=U1-25
Added Pin To Net: NetName=IO25 Pin=U1-26
Added Pin To Net: NetName=IO26 Pin=U1-27
Added Pin To Net: NetName=IO27 Pin=U1-28
Added Pin To Net: NetName=IO28 Pin=U1-29
Added Pin To Net: NetName=IO29 Pin=U1-30
Added Pin To Net: NetName=IO30 Pin=U1-31
Added Pin To Net: NetName=IO31 Pin=U1-32
Added Pin To Net: NetName=IO32 Pin=U1-33
Added Pin To Net: NetName=IO33 Pin=U1-34
Added Pin To Net: NetName=IO34 Pin=U1-35
Added Pin To Net: NetName=IO35 Pin=U1-36
Added Pin To Net: NetName=IO36 Pin=U1-37
Added Pin To Net: NetName=IO37 Pin=U1-38
Added Pin To Net: NetName=IO38 Pin=U1-39
Added Pin To Net: NetName=IO39 Pin=U1-40
Added Pin To Net: NetName=IO40 Pin=U1-41
Added Pin To Net: NetName=IO41 Pin=U1-42
Added Pin To Net: NetName=IO42 Pin=U1-43
Added Pin To Net: NetName=IO43 Pin=U1-44
Added Pin To Net: NetName=IO44 Pin=U1-45
Added Pin To Net: NetName=IO45 Pin=U1-46
Added Pin To Net: NetName=IO46 Pin=U1-47
Added Pin To Net: NetName=IO47 Pin=U1-48
Added Pin To Net: NetName=5V Pin=U1-49
Added Pin To Net: NetName=5V Pin=U1-50
Added Pin To Net: NetName=GND Pin=U1-51
Added Pin To Net: NetName=GND Pin=U1-52
Added Pin To Net: NetName=1V8 Pin=U1-53
Added Pin To Net: NetName=3V3 Pin=U1-54
Added Pin To Net: NetName=RST Pin=U1-55
Added Pin To Net: NetName=LCD  D7 Pin=U1-56
Added Pin To Net: NetName=LCD  D6 Pin=U1-57
Added Pin To Net: NetName=LCD  D5 Pin=U1-58
Added Pin To Net: NetName=LCD  D4 Pin=U1-59
Added Pin To Net: NetName=LCD  D3 Pin=U1-60
Added Pin To Net: NetName=LCD  D2 Pin=U1-61
Added Pin To Net: NetName=LCD  D1 Pin=U1-62
Added Pin To Net: NetName=LCD  D0 Pin=U1-63
Added Pin To Net: NetName=DVP_D7 Pin=U1-64
Added Pin To Net: NetName=DVP_D6 Pin=U1-65
Added Pin To Net: NetName=DVP_D5 Pin=U1-66
Added Pin To Net: NetName=DVP_D4 Pin=U1-67
Added Pin To Net: NetName=DVP_D3 Pin=U1-68
Added Pin To Net: NetName=DVP_D2 Pin=U1-69
Added Pin To Net: NetName=DVP_D1 Pin=U1-70
Added Pin To Net: NetName=DVP_D0 Pin=U1-71
Added Pin To Net: NetName=GND Pin=U1-72
Added Pin To Net: NetName=GND Pin=V1-1
Added Pin To Net: NetName=3V3 Pin=V1-2
Added Pin To Net: NetName=3V3 Pin=V1-2
Added Pin To Net: NetName=5V Pin=V1-3
Added Pin To Net: NetName=GND Pin=V2-1
Added Pin To Net: NetName=1V8 Pin=V2-2
Added Pin To Net: NetName=1V8 Pin=V2-2
Added Pin To Net: NetName=5V Pin=V2-3
Added Class: Name=k210_V3.0
Added Room: Name=k210_V3.0
