Removed Pin From Net: NetName=IO0 Pin=BOOT1-1
Removed Pin From Net: NetName=GND Pin=BOOT1-2
Removed Pin From Net: NetName=EN Pin=EN1-1
Removed Pin From Net: NetName=GND Pin=EN1-2
Removed Member From Class: ClassName=ESP32主控 Member=BOOT1
Removed Member From Class: ClassName=ESP32主控 Member=EN1
Added Component: Designator=BOOT(TSW SMD-3*6*2.5)
Add component (AddParameter): Name = "BOM名称"; Value = "3x6轻触开关"; VariantName = "[No Variations]"
Add component (AddParameter): Name = "学习资源"; Value = "https://shop463601444.taobao.com"; VariantName = "[No Variations]"
Add component (AddParameter): Name = "版权归属"; Value = "封装库来自淘宝 ID：黄晶宝石"; VariantName = "[No Variations]"
Added Component: Designator=EN(TSW SMD-3*6*2.5)
Add component (AddParameter): Name = "BOM名称"; Value = "3x6轻触开关"; VariantName = "[No Variations]"
Add component (AddParameter): Name = "学习资源"; Value = "https://shop463601444.taobao.com"; VariantName = "[No Variations]"
Add component (AddParameter): Name = "版权归属"; Value = "封装库来自淘宝 ID：黄晶宝石"; VariantName = "[No Variations]"
Added Component: Designator=SW1(TSW SMD-3*6*2.5)
Add component (AddParameter): Name = "BOM名称"; Value = "3x6轻触开关"; VariantName = "[No Variations]"
Add component (AddParameter): Name = "学习资源"; Value = "https://shop463601444.taobao.com"; VariantName = "[No Variations]"
Add component (AddParameter): Name = "版权归属"; Value = "封装库来自淘宝 ID：黄晶宝石"; VariantName = "[No Variations]"
Added Component: Designator=SW?(TSW DIP-6*6*6_V)
Add component (AddParameter): Name = "BOM名称"; Value = "直插6x6轻触开关"; VariantName = "[No Variations]"
Add component (AddParameter): Name = "技术支持，联系售后"; Value = "https://shop463601444.taobao.com"; VariantName = "[No Variations]"
Add component (AddParameter): Name = "版权归属"; Value = "封装库来自淘宝 ID：黄晶宝石"; VariantName = "[No Variations]"
Added Pin To Net: NetName=GND Pin=BOOT-1
Added Pin To Net: NetName=IO0 Pin=BOOT-2
Added Pin To Net: NetName=GND Pin=EN-1
Added Pin To Net: NetName=EN Pin=EN-2
Added Pin To Net: NetName=GND Pin=SW1-1
Added Pin To Net: NetName=IO4 Pin=SW1-2
Added Member To Class: ClassName=ESP32主控 Member=Component BOOT 3x6x5
Added Member To Class: ClassName=ESP32主控 Member=Component EN 3x6x5
Added Member To Class: ClassName=ESP32主控 Member=Component SW1 3x6x5
Added Member To Class: ClassName=ESP32主控 Member=Component SW? 6x6x5
Added Room: Name=ESP32主控
