Added Component: Designator=U1(PCA9555DW)
Add component (AddParameter): Name = "Add into BOM"; Value = "yes"; VariantName = "[No Variations]"
Add component (AddParameter): Name = "Convert to PCB"; Value = "yes"; VariantName = "[No Variations]"
Add component (AddParameter): Name = "Datasheet"; Value = ""; VariantName = "[No Variations]"
Add component (AddParameter): Name = "Device"; Value = "PCA9555DW"; VariantName = "[No Variations]"
Add component (AddParameter): Name = "JLCPCB Part Class"; Value = "Extended Part"; VariantName = "[No Variations]"
Add component (AddParameter): Name = "LCSC Part Name"; Value = "PCA9555DW"; VariantName = "[No Variations]"
Add component (AddParameter): Name = "Manufacturer"; Value = "TI(德州仪器)"; VariantName = "[No Variations]"
Add component (AddParameter): Name = "Manufacturer Part"; Value = "PCA9555DW"; VariantName = "[No Variations]"
Add component (AddParameter): Name = "Name"; Value = ""; VariantName = "[No Variations]"
Add component (AddParameter): Name = "Supplier"; Value = "LCSC"; VariantName = "[No Variations]"
Add component (AddParameter): Name = "Supplier Footprint"; Value = "SOIC-24"; VariantName = "[No Variations]"
Add component (AddParameter): Name = "Supplier Part"; Value = "C2870300"; VariantName = "[No Variations]"
Add component (AddParameter): Name = "Symbol"; Value = "PCA9555DW"; VariantName = "[No Variations]"
Added Pin To Net: NetName=IO18 Pin=U1-1
Added Pin To Net: NetName=IO17 Pin=U1-2
Added Pin To Net: NetName=IO16 Pin=U1-3
Added Pin To Net: NetName=P00 Pin=U1-4
Added Pin To Net: NetName=P01 Pin=U1-5
Added Pin To Net: NetName=P02 Pin=U1-6
Added Pin To Net: NetName=P03 Pin=U1-7
Added Pin To Net: NetName=P04 Pin=U1-8
Added Pin To Net: NetName=P05 Pin=U1-9
Added Pin To Net: NetName=P06 Pin=U1-10
Added Pin To Net: NetName=P07 Pin=U1-11
Added Pin To Net: NetName=P10 Pin=U1-13
Added Pin To Net: NetName=P11 Pin=U1-14
Added Pin To Net: NetName=P12 Pin=U1-15
Added Pin To Net: NetName=P13 Pin=U1-16
Added Pin To Net: NetName=P14 Pin=U1-17
Added Pin To Net: NetName=P15 Pin=U1-18
Added Pin To Net: NetName=P16 Pin=U1-19
Added Pin To Net: NetName=P17 Pin=U1-20
Added Pin To Net: NetName=IO0 Pin=U1-21
Added Pin To Net: NetName=IO2 Pin=U1-22
Added Pin To Net: NetName=IO15 Pin=U1-23
Added Pin To Net: NetName=3V3 Pin=U1-24
Added Member To Class: ClassName=ESP32主控 Member=Component U1 PCA9555DW
Added Room: Name=ESP32主控
