Removed Pin From Net: NetName=3V3 Pin=C2-1
Removed Pin From Net: NetName=GND Pin=C2-2
Removed Pin From Net: NetName=5V Pin=C4-1
Removed Pin From Net: NetName=GND Pin=C4-2
Removed Pin From Net: NetName=5V Pin=C5-1
Removed Pin From Net: NetName=GND Pin=C5-2
Removed Pin From Net: NetName=IO12 Pin=JP1-1
Removed Pin From Net: NetName=IO16 Pin=JP1-2
Removed Pin From Net: NetName=IO14 Pin=JP1-3
Removed Pin From Net: NetName=IO17 Pin=JP1-4
Removed Pin From Net: NetName=IO26 Pin=JP1-12
Removed Pin From Net: NetName=IO34 Pin=JP1-15
Removed Pin From Net: NetName=IO25 Pin=JP1-16
Removed Pin From Net: NetName=IO39 Pin=JP1-17
Removed Pin From Net: NetName=IO33 Pin=JP1-18
Removed Pin From Net: NetName=IO36 Pin=JP1-19
Removed Pin From Net: NetName=IO32 Pin=JP1-20
Removed Pin From Net: NetName=5V Pin=JP1-23
Removed Pin From Net: NetName=IO12 Pin=JP2-1
Removed Pin From Net: NetName=IO16 Pin=JP2-2
Removed Pin From Net: NetName=IO14 Pin=JP2-3
Removed Pin From Net: NetName=IO17 Pin=JP2-4
Removed Pin From Net: NetName=IO26 Pin=JP2-12
Removed Pin From Net: NetName=IO34 Pin=JP2-15
Removed Pin From Net: NetName=IO25 Pin=JP2-16
Removed Pin From Net: NetName=IO39 Pin=JP2-17
Removed Pin From Net: NetName=IO33 Pin=JP2-18
Removed Pin From Net: NetName=IO36 Pin=JP2-19
Removed Pin From Net: NetName=IO32 Pin=JP2-20
Removed Pin From Net: NetName=GND Pin=JP2-21
Removed Pin From Net: NetName=GND Pin=JP2-22
Removed Pin From Net: NetName=5V Pin=JP2-23
Removed Pin From Net: NetName=5V Pin=JP2-24
Removed Pin From Net: NetName=IO18 Pin=JP3-10
Removed Pin From Net: NetName=IO5 Pin=JP3-12
Removed Pin From Net: NetName=IO4 Pin=JP3-18
Removed Pin From Net: NetName=IO2 Pin=JP3-20
Removed Pin From Net: NetName=GND Pin=JP3-21
Removed Pin From Net: NetName=GND Pin=JP3-22
Removed Pin From Net: NetName=5V Pin=JP3-23
Removed Pin From Net: NetName=5V Pin=JP3-24
Removed Pin From Net: NetName=IO18 Pin=JP4-10
Removed Pin From Net: NetName=IO5 Pin=JP4-12
Removed Pin From Net: NetName=IO4 Pin=JP4-18
Removed Pin From Net: NetName=IO2 Pin=JP4-20
Removed Pin From Net: NetName=GND Pin=JP4-21
Removed Pin From Net: NetName=GND Pin=JP4-22
Removed Pin From Net: NetName=5V Pin=JP4-23
Removed Pin From Net: NetName=5V Pin=JP4-24
Removed Pin From Net: NetName=5V Pin=LED1-1
Removed Pin From Net: NetName=IO15 Pin=LED2-1
Removed Pin From Net: NetName=IO35 Pin=R4-1
Removed Pin From Net: NetName=3V3 Pin=R4-2
Removed Pin From Net: NetName=NetQ2_1 Pin=R5-1
Removed Pin From Net: NetName=RTS Pin=R5-2
Removed Pin From Net: NetName=CH340_TXD Pin=R6-1
Removed Pin From Net: NetName=U0_RXD Pin=R6-2
Removed Pin From Net: NetName=GND Pin=R7-1
Removed Pin From Net: NetName=NetLED2_2 Pin=R7-2
Removed Pin From Net: NetName=CH340_RXD Pin=R8-1
Removed Pin From Net: NetName=U0_TXD Pin=R8-2
Removed Pin From Net: NetName=NetLED1_2 Pin=R9-1
Removed Pin From Net: NetName=GND Pin=R9-2
Removed Pin From Net: NetName=GND Pin=S1-1
Removed Pin From Net: NetName=GND Pin=U1-1
Removed Pin From Net: NetName=3V3 Pin=U1-2
Removed Pin From Net: NetName=5V Pin=U1-3
Removed Member From Class: ClassName=ESP32主控 Member=S1
Removed Member From Class: ClassName=ESP32主控 Member=U?
Change Component Footprint: Designator=C2 Old Footprint=1608[0603] New Footprint=C 0603_M
Change Component Footprint: Designator=C4 Old Footprint=1608[0603] New Footprint=C 0603_M
Change Component Footprint: Designator=C5 Old Footprint=1608[0603] New Footprint=C 0603_M
Change Component Footprint: Designator=LED1 Old Footprint=1608[0603] New Footprint=LED 0805G
Change Component Footprint: Designator=LED2 Old Footprint=1608[0603] New Footprint=LED 0805G
Change Component Footprint: Designator=R1 Old Footprint=1608[0603] New Footprint=R 0805_L
Change Component Footprint: Designator=R2 Old Footprint=1608[0603] New Footprint=R 0805_L
Change Component Footprint: Designator=R3 Old Footprint=1608[0603] New Footprint=R 0805_L
Change Component Footprint: Designator=R4 Old Footprint=1608[0603] New Footprint=R 0805_L
Change Component Footprint: Designator=R5 Old Footprint=1608[0603] New Footprint=R 0805_L
Change Component Footprint: Designator=R6 Old Footprint=1608[0603] New Footprint=R 0805_L
Change Component Footprint: Designator=R7 Old Footprint=1608[0603] New Footprint=R 0805_L
Change Component Footprint: Designator=R8 Old Footprint=1608[0603] New Footprint=R 0805_L
Change Component Footprint: Designator=R9 Old Footprint=1608[0603] New Footprint=R 0805_L
Change Component Comment : Designator=R9 Old Comment=1k New Comment=220
Change Component Comment : Designator=R5 Old Comment=10k New Comment=1K
Change Component Comment : Designator=C4 Old Comment=10u New Comment=0.1uF
Change Component Comment : Designator=C2 Old Comment=10u New Comment=10uF
Change Component Comment : Designator=C5 Old Comment=100nF New Comment=0.1uF
Change Component Comment : Designator=R6 Old Comment=220R New Comment=1K
Change Component Comment : Designator=R8 Old Comment=220R New Comment=220
Change Component Comment : Designator=U1 Old Comment=AMS1117-3.3_C347256 New Comment=PCA9555DW
Change Component Comment : Designator=LED2 Old Comment=LED3 New Comment=红色
Change Component Comment : Designator=LED1 Old Comment=LED-0603_R New Comment=红色
Change Component Comment : Designator=R7 Old Comment=Res1 New Comment=1K
Change component parameters: Designator = "C2" ("C2"); Footprint = "1608[0603]"; UniqueID = "\UUGWUYKM" ("\UUGWUYKM")
Change component parameters: Designator = "C4" ("C4"); Footprint = "1608[0603]"; UniqueID = "\IIDRDFYM" ("\IIDRDFYM")
Change component parameters: Designator = "C5" ("C5"); Footprint = "1608[0603]"; UniqueID = "\WTDKJBYD" ("\WTDKJBYD")
Change component parameters: Designator = "LED1" ("LED1"); Footprint = "1608[0603]"; UniqueID = "\HSOMHWJY" ("\HSOMHWJY")
Change component parameters (AddParameter): Name = "BOM名称"; Value = "贴片LED"; VariantName = "[No Variations]"
Change component parameters (AddParameter): Name = "学习资源"; Value = "https://shop463601444.taobao.com"; VariantName = "[No Variations]"
Change component parameters (AddParameter): Name = "版权归属"; Value = "封装库来自淘宝 ID：黄晶宝石"; VariantName = "[No Variations]"
Change component parameters: Designator = "R1" ("R1"); Footprint = "1608[0603]"; UniqueID = "\EVBODOCM" ("\EVBODOCM")
Change component parameters (AddParameter): Name = "BOM名称"; Value = "贴片电阻"; VariantName = "[No Variations]"
Change component parameters (AddParameter): Name = "封装库来自淘宝卖家 ID：黄晶宝石"; Value = "其他店铺购入均为盗版，不享受售后技术支持服务，请立即申请退款"; VariantName = "[No Variations]"
Change component parameters (AddParameter): Name = "版权归属"; Value = "来自淘宝 ID：黄晶宝石"; VariantName = "[No Variations]"
Change component parameters (AddParameter): Name = "联系售后"; Value = "https://shop463601444.taobao.com"; VariantName = "[No Variations]"
Change component parameters: Designator = "R2" ("R2"); Footprint = "1608[0603]"; UniqueID = "\BHVXNXXL" ("\BHVXNXXL")
Change component parameters (AddParameter): Name = "BOM名称"; Value = "贴片电阻"; VariantName = "[No Variations]"
Change component parameters (AddParameter): Name = "封装库来自淘宝卖家 ID：黄晶宝石"; Value = "其他店铺购入均为盗版，不享受售后技术支持服务，请立即申请退款"; VariantName = "[No Variations]"
Change component parameters (AddParameter): Name = "版权归属"; Value = "来自淘宝 ID：黄晶宝石"; VariantName = "[No Variations]"
Change component parameters (AddParameter): Name = "联系售后"; Value = "https://shop463601444.taobao.com"; VariantName = "[No Variations]"
Change component parameters: Designator = "R3" ("R3"); Footprint = "1608[0603]"; UniqueID = "\SSDPFPTC" ("\SSDPFPTC")
Change component parameters (AddParameter): Name = "BOM名称"; Value = "贴片电阻"; VariantName = "[No Variations]"
Change component parameters (AddParameter): Name = "封装库来自淘宝卖家 ID：黄晶宝石"; Value = "其他店铺购入均为盗版，不享受售后技术支持服务，请立即申请退款"; VariantName = "[No Variations]"
Change component parameters (AddParameter): Name = "版权归属"; Value = "来自淘宝 ID：黄晶宝石"; VariantName = "[No Variations]"
Change component parameters (AddParameter): Name = "联系售后"; Value = "https://shop463601444.taobao.com"; VariantName = "[No Variations]"
Change component parameters: Designator = "R5" ("R5"); Footprint = "1608[0603]"; UniqueID = "\AGLQFACI" ("\AGLQFACI")
Change component parameters (AddParameter): Name = "BOM名称"; Value = "贴片电阻"; VariantName = "[No Variations]"
Change component parameters (AddParameter): Name = "封装库来自淘宝卖家 ID：黄晶宝石"; Value = "其他店铺购入均为盗版，不享受售后技术支持服务，请立即申请退款"; VariantName = "[No Variations]"
Change component parameters (AddParameter): Name = "版权归属"; Value = "来自淘宝 ID：黄晶宝石"; VariantName = "[No Variations]"
Change component parameters (AddParameter): Name = "联系售后"; Value = "https://shop463601444.taobao.com"; VariantName = "[No Variations]"
Change component parameters: Designator = "R6" ("R6"); Footprint = "1608[0603]"; UniqueID = "\IEGTCOVI" ("\IEGTCOVI")
Change component parameters (AddParameter): Name = "BOM名称"; Value = "贴片电阻"; VariantName = "[No Variations]"
Change component parameters (AddParameter): Name = "封装库来自淘宝卖家 ID：黄晶宝石"; Value = "其他店铺购入均为盗版，不享受售后技术支持服务，请立即申请退款"; VariantName = "[No Variations]"
Change component parameters (AddParameter): Name = "版权归属"; Value = "来自淘宝 ID：黄晶宝石"; VariantName = "[No Variations]"
Change component parameters (AddParameter): Name = "联系售后"; Value = "https://shop463601444.taobao.com"; VariantName = "[No Variations]"
Change component parameters: Designator = "R8" ("R8"); Footprint = "1608[0603]"; UniqueID = "\LAKPTLPQ" ("\LAKPTLPQ")
Change component parameters (AddParameter): Name = "BOM名称"; Value = "贴片电阻"; VariantName = "[No Variations]"
Change component parameters (AddParameter): Name = "封装库来自淘宝卖家 ID：黄晶宝石"; Value = "其他店铺购入均为盗版，不享受售后技术支持服务，请立即申请退款"; VariantName = "[No Variations]"
Change component parameters (AddParameter): Name = "版权归属"; Value = "来自淘宝 ID：黄晶宝石"; VariantName = "[No Variations]"
Change component parameters (AddParameter): Name = "联系售后"; Value = "https://shop463601444.taobao.com"; VariantName = "[No Variations]"
Change component parameters: Designator = "R9" ("R9"); Footprint = "1608[0603]"; UniqueID = "\OZYIEDAU" ("\OZYIEDAU")
Change component parameters (AddParameter): Name = "BOM名称"; Value = "贴片电阻"; VariantName = "[No Variations]"
Change component parameters (AddParameter): Name = "封装库来自淘宝卖家 ID：黄晶宝石"; Value = "其他店铺购入均为盗版，不享受售后技术支持服务，请立即申请退款"; VariantName = "[No Variations]"
Change component parameters (AddParameter): Name = "版权归属"; Value = "来自淘宝 ID：黄晶宝石"; VariantName = "[No Variations]"
Change component parameters (AddParameter): Name = "联系售后"; Value = "https://shop463601444.taobao.com"; VariantName = "[No Variations]"
Change component parameters: Designator = "LED2" ("LED2"); Footprint = "1608[0603]"; UniqueID = "\CQIDYCEY" ("\CQIDYCEY")
Change component parameters (AddParameter): Name = "BOM名称"; Value = "贴片LED"; VariantName = "[No Variations]"
Change component parameters (AddParameter): Name = "学习资源"; Value = "https://shop463601444.taobao.com"; VariantName = "[No Variations]"
Change component parameters (AddParameter): Name = "版权归属"; Value = "封装库来自淘宝 ID：黄晶宝石"; VariantName = "[No Variations]"
Change component parameters: Designator = "R4" ("R4"); Footprint = "1608[0603]"; UniqueID = "\PIPFLFOT" ("\PIPFLFOT")
Change component parameters (AddParameter): Name = "BOM名称"; Value = "贴片电阻"; VariantName = "[No Variations]"
Change component parameters (AddParameter): Name = "封装库来自淘宝卖家 ID：黄晶宝石"; Value = "其他店铺购入均为盗版，不享受售后技术支持服务，请立即申请退款"; VariantName = "[No Variations]"
Change component parameters (AddParameter): Name = "版权归属"; Value = "来自淘宝 ID：黄晶宝石"; VariantName = "[No Variations]"
Change component parameters (AddParameter): Name = "联系售后"; Value = "https://shop463601444.taobao.com"; VariantName = "[No Variations]"
Change component parameters: Designator = "R7" ("R7"); Footprint = "1608[0603]"; UniqueID = "\CVKGLGXW" ("\CVKGLGXW")
Change component parameters (AddParameter): Name = "BOM名称"; Value = "贴片电阻"; VariantName = "[No Variations]"
Change component parameters (AddParameter): Name = "封装库来自淘宝卖家 ID：黄晶宝石"; Value = "其他店铺购入均为盗版，不享受售后技术支持服务，请立即申请退款"; VariantName = "[No Variations]"
Change component parameters (AddParameter): Name = "版权归属"; Value = "来自淘宝 ID：黄晶宝石"; VariantName = "[No Variations]"
Change component parameters (AddParameter): Name = "联系售后"; Value = "https://shop463601444.taobao.com"; VariantName = "[No Variations]"
Change component parameters: Designator = "U1" ("U1"); Footprint = "SOT-223"; UniqueID = "\SHVHNVQW" ("\SHVHNVQW")
Change component parameters (AddParameter): Name = "Add into BOM"; Value = "yes"; VariantName = "[No Variations]"
Change component parameters (AddParameter): Name = "Convert to PCB"; Value = "yes"; VariantName = "[No Variations]"
Change component parameters (AddParameter): Name = "Datasheet"; Value = ""; VariantName = "[No Variations]"
Change component parameters (AddParameter): Name = "Device"; Value = "PCA9555DW"; VariantName = "[No Variations]"
Change component parameters (AddParameter): Name = "JLCPCB Part Class"; Value = "Extended Part"; VariantName = "[No Variations]"
Change component parameters (AddParameter): Name = "LCSC Part Name"; Value = "PCA9555DW"; VariantName = "[No Variations]"
Change component parameters (AddParameter): Name = "Manufacturer"; Value = "TI(德州仪器)"; VariantName = "[No Variations]"
Change component parameters (AddParameter): Name = "Manufacturer Part"; Value = "PCA9555DW"; VariantName = "[No Variations]"
Change component parameters (AddParameter): Name = "Name"; Value = ""; VariantName = "[No Variations]"
Change component parameters (AddParameter): Name = "Supplier"; Value = "LCSC"; VariantName = "[No Variations]"
Change component parameters (AddParameter): Name = "Supplier Footprint"; Value = "SOIC-24"; VariantName = "[No Variations]"
Change component parameters (AddParameter): Name = "Supplier Part"; Value = "C2870300"; VariantName = "[No Variations]"
Change component parameters (AddParameter): Name = "Symbol"; Value = "PCA9555DW"; VariantName = "[No Variations]"
Added Component: Designator=LED3(LED 0805G)
Add component (AddParameter): Name = "BOM名称"; Value = "贴片LED"; VariantName = "[No Variations]"
Add component (AddParameter): Name = "学习资源"; Value = "https://shop463601444.taobao.com"; VariantName = "[No Variations]"
Add component (AddParameter): Name = "版权归属"; Value = "封装库来自淘宝 ID：黄晶宝石"; VariantName = "[No Variations]"
Added Component: Designator=V1(SOT223_L)
Add component (AddParameter): Name = "BOM名称"; Value = "稳压芯片"; VariantName = "[No Variations]"
Add component (AddParameter): Name = "欢迎光临淘宝店铺"; Value = "https://shop463601444.taobao.com"; VariantName = "[No Variations]"
Add component (AddParameter): Name = "淘宝ID"; Value = "封装库来自淘宝 ID：黄晶宝石"; VariantName = "[No Variations]"
Added Pin To Net: NetName=GND Pin=C2-1
Added Pin To Net: NetName=3V3 Pin=C2-2
Added Pin To Net: NetName=GND Pin=C4-1
Added Pin To Net: NetName=5V Pin=C4-2
Added Pin To Net: NetName=GND Pin=C5-1
Added Pin To Net: NetName=3V3 Pin=C5-2
Added Pin To Net: NetName=IO36 Pin=JP1-5
Added Pin To Net: NetName=IO39 Pin=JP1-7
Added Pin To Net: NetName=IO34 Pin=JP1-9
Added Pin To Net: NetName=IO35 Pin=JP1-11
Added Pin To Net: NetName=IO5 Pin=JP1-12
Added Pin To Net: NetName=IO32 Pin=JP1-13
Added Pin To Net: NetName=IO33 Pin=JP1-15
Added Pin To Net: NetName=IO14 Pin=JP1-16
Added Pin To Net: NetName=IO25 Pin=JP1-17
Added Pin To Net: NetName=IO12 Pin=JP1-18
Added Pin To Net: NetName=IO26 Pin=JP1-19
Added Pin To Net: NetName=IO13 Pin=JP1-20
Added Pin To Net: NetName=3V3 Pin=JP1-23
Added Pin To Net: NetName=IO36 Pin=JP2-5
Added Pin To Net: NetName=IO39 Pin=JP2-7
Added Pin To Net: NetName=IO34 Pin=JP2-9
Added Pin To Net: NetName=IO35 Pin=JP2-11
Added Pin To Net: NetName=IO5 Pin=JP2-12
Added Pin To Net: NetName=IO32 Pin=JP2-13
Added Pin To Net: NetName=IO33 Pin=JP2-15
Added Pin To Net: NetName=IO14 Pin=JP2-16
Added Pin To Net: NetName=IO25 Pin=JP2-17
Added Pin To Net: NetName=IO12 Pin=JP2-18
Added Pin To Net: NetName=IO26 Pin=JP2-19
Added Pin To Net: NetName=IO13 Pin=JP2-20
Added Pin To Net: NetName=GND Pin=JP2-23
Added Pin To Net: NetName=5V Pin=LED3-1
Added Pin To Net: NetName=NetQ2_1 Pin=R4-1
Added Pin To Net: NetName=RTS Pin=R4-2
Added Pin To Net: NetName=GND Pin=R5-1
Added Pin To Net: NetName=NetLED1_2 Pin=R5-2
Added Pin To Net: NetName=GND Pin=R6-1
Added Pin To Net: NetName=NetLED2_2 Pin=R6-2
Added Pin To Net: NetName=GND Pin=R7-2
Added Pin To Net: NetName=CH340_TXD Pin=R8-1
Added Pin To Net: NetName=U0_RXD Pin=R8-2
Added Pin To Net: NetName=CH340_RXD Pin=R9-1
Added Pin To Net: NetName=U0_TXD Pin=R9-2
Added Pin To Net: NetName=IO18 Pin=U1-1
Added Pin To Net: NetName=IO17 Pin=U1-2
Added Pin To Net: NetName=IO16 Pin=U1-3
Added Pin To Net: NetName=GND Pin=V1-1
Added Pin To Net: NetName=3V3 Pin=V1-2
Added Pin To Net: NetName=3V3 Pin=V1-2
Added Pin To Net: NetName=5V Pin=V1-3
Added Pin To Net: NetName=NetLED3_2 Pin=LED3-2
Added Pin To Net: NetName=NetLED3_2 Pin=R7-1
Added Net: Name=NetLED3_2
Added Pin To Net: NetName=P00 Pin=JP1-1
Added Pin To Net: NetName=P00 Pin=U1-4
Added Net: Name=P00
Added Pin To Net: NetName=P01 Pin=JP1-3
Added Net: Name=P01
Added Pin To Net: NetName=P02 Pin=JP2-1
Added Net: Name=P02
Added Pin To Net: NetName=P03 Pin=JP2-3
Added Net: Name=P03
Added Pin To Net: NetName=P04 Pin=JP3-1
Added Net: Name=P04
Added Pin To Net: NetName=P05 Pin=LED1-1
Added Net: Name=P05
Added Pin To Net: NetName=P06 Pin=JP3-5
Added Net: Name=P06
Added Pin To Net: NetName=P07 Pin=JP3-7
Added Net: Name=P07
Added Pin To Net: NetName=P10 Pin=JP3-9
Added Net: Name=P10
Added Pin To Net: NetName=P11 Pin=JP3-11
Added Net: Name=P11
Added Pin To Net: NetName=P12 Pin=JP3-13
Added Net: Name=P12
Added Pin To Net: NetName=P13 Pin=JP3-15
Added Net: Name=P13
Added Pin To Net: NetName=P14 Pin=JP3-17
Added Net: Name=P14
Added Pin To Net: NetName=P15 Pin=JP3-19
Added Net: Name=P15
Added Pin To Net: NetName=P16 Pin=JP4-1
Added Net: Name=P16
Added Pin To Net: NetName=P17 Pin=LED2-1
Added Net: Name=P17
Added Member To Class: ClassName=ESP32主控 Member=Component LED3 红色
Added Member To Class: ClassName=ESP32主控 Member=Component V1 AMS1117-3V3
